<?xml version="1.0" encoding="UTF-8"?>
<testng-results skipped="0" failed="0" total="3" passed="3">
  <reporter-output>
  </reporter-output>
  <suite name="Surefire suite" duration-ms="27" started-at="2020-09-24T12:48:45Z" finished-at="2020-09-24T12:48:45Z">
    <groups>
      <group name="unit">
        <method signature="SampleTest.first()[pri:0, instance:samples.SampleTest@7a92922]" name="first" class="samples.SampleTest"/>
      </group> <!-- unit -->
      <group name="web">
        <method signature="SampleTest.second()[pri:0, instance:samples.SampleTest@7a92922]" name="second" class="samples.SampleTest"/>
      </group> <!-- web -->
      <group name="db">
        <method signature="SampleTest.third()[pri:0, instance:samples.SampleTest@7a92922]" name="third" class="samples.SampleTest"/>
      </group> <!-- db -->
    </groups>
    <test name="Surefire test" duration-ms="27" started-at="2020-09-24T12:48:45Z" finished-at="2020-09-24T12:48:45Z">
      <class name="samples.SampleTest">
        <test-method status="PASS" signature="first()[pri:0, instance:samples.SampleTest@7a92922]" name="first" duration-ms="8" started-at="2020-09-24T20:48:45Z" finished-at="2020-09-24T20:48:45Z">
          <reporter-output>
          </reporter-output>
        </test-method> <!-- first -->
        <test-method status="PASS" signature="second()[pri:0, instance:samples.SampleTest@7a92922]" name="second" duration-ms="2" started-at="2020-09-24T20:48:45Z" finished-at="2020-09-24T20:48:45Z">
          <reporter-output>
          </reporter-output>
        </test-method> <!-- second -->
        <test-method status="PASS" signature="third()[pri:0, instance:samples.SampleTest@7a92922]" name="third" duration-ms="1" started-at="2020-09-24T20:48:45Z" finished-at="2020-09-24T20:48:45Z">
          <reporter-output>
          </reporter-output>
        </test-method> <!-- third -->
      </class> <!-- samples.SampleTest -->
    </test> <!-- Surefire test -->
  </suite> <!-- Surefire suite -->
</testng-results>
