<?xml version="1.0" encoding="UTF-8"?>
<testng-results skipped="0" failed="0" total="2" passed="2">
  <reporter-output>
  </reporter-output>
  <suite name="lalala" duration-ms="50" started-at="2020-09-24T12:31:37Z" finished-at="2020-09-24T12:31:37Z">
    <groups>
      <group name="unit">
        <method signature="SampleTest.first()[pri:0, instance:samples.SampleTest@174d20a]" name="first" class="samples.SampleTest"/>
      </group> <!-- unit -->
      <group name="web">
        <method signature="SampleTest.second()[pri:0, instance:samples.SampleTest@174d20a]" name="second" class="samples.SampleTest"/>
      </group> <!-- web -->
    </groups>
    <test name="test1" duration-ms="50" started-at="2020-09-24T12:31:37Z" finished-at="2020-09-24T12:31:37Z">
      <class name="samples.SampleTest">
        <test-method status="PASS" signature="first()[pri:0, instance:samples.SampleTest@174d20a]" name="first" duration-ms="19" started-at="2020-09-24T20:31:37Z" finished-at="2020-09-24T20:31:37Z">
          <reporter-output>
          </reporter-output>
        </test-method> <!-- first -->
        <test-method status="PASS" signature="second()[pri:0, instance:samples.SampleTest@174d20a]" name="second" duration-ms="5" started-at="2020-09-24T20:31:37Z" finished-at="2020-09-24T20:31:37Z">
          <reporter-output>
          </reporter-output>
        </test-method> <!-- second -->
      </class> <!-- samples.SampleTest -->
    </test> <!-- test1 -->
    <test name="test2" duration-ms="8" started-at="2020-09-24T12:31:37Z" finished-at="2020-09-24T12:31:37Z">
    </test> <!-- test2 -->
  </suite> <!-- lalala -->
</testng-results>
